{"/home/vinicius/repos/my-reads/src/App.js": {"path":"/home/vinicius/repos/my-reads/src/App.js","statementMap":{"0":{"start":{"line":13,"column":18},"end":{"line":24,"column":1}},"1":{"start":{"line":34,"column":4},"end":{"line":40,"column":5}},"2":{"start":{"line":35,"column":20},"end":{"line":35,"column":43}},"3":{"start":{"line":36,"column":6},"end":{"line":36,"column":34}},"4":{"start":{"line":37,"column":6},"end":{"line":37,"column":42}},"5":{"start":{"line":39,"column":6},"end":{"line":39,"column":61}},"6":{"start":{"line":44,"column":4},"end":{"line":65,"column":5}},"7":{"start":{"line":46,"column":18},"end":{"line":46,"column":46}},"8":{"start":{"line":47,"column":6},"end":{"line":61,"column":7}},"9":{"start":{"line":49,"column":30},"end":{"line":49,"column":40}},"10":{"start":{"line":52,"column":26},"end":{"line":59,"column":10}},"11":{"start":{"line":53,"column":33},"end":{"line":53,"column":90}},"12":{"start":{"line":53,"column":60},"end":{"line":53,"column":89}},"13":{"start":{"line":54,"column":10},"end":{"line":57,"column":11}},"14":{"start":{"line":56,"column":12},"end":{"line":56,"column":60}},"15":{"start":{"line":58,"column":10},"end":{"line":58,"column":22}},"16":{"start":{"line":60,"column":8},"end":{"line":60,"column":25}},"17":{"start":{"line":62,"column":6},"end":{"line":62,"column":16}},"18":{"start":{"line":64,"column":6},"end":{"line":64,"column":25}},"19":{"start":{"line":73,"column":42},"end":{"line":73,"column":52}},"20":{"start":{"line":77,"column":4},"end":{"line":106,"column":5}},"21":{"start":{"line":80,"column":6},"end":{"line":99,"column":7}},"22":{"start":{"line":83,"column":8},"end":{"line":89,"column":11}},"23":{"start":{"line":84,"column":10},"end":{"line":88,"column":11}},"24":{"start":{"line":85,"column":12},"end":{"line":85,"column":45}},"25":{"start":{"line":87,"column":12},"end":{"line":87,"column":24}},"26":{"start":{"line":90,"column":8},"end":{"line":90,"column":50}},"27":{"start":{"line":91,"column":8},"end":{"line":91,"column":50}},"28":{"start":{"line":92,"column":8},"end":{"line":92,"column":32}},"29":{"start":{"line":95,"column":8},"end":{"line":97,"column":11}},"30":{"start":{"line":96,"column":10},"end":{"line":96,"column":36}},"31":{"start":{"line":98,"column":8},"end":{"line":98,"column":50}},"32":{"start":{"line":102,"column":6},"end":{"line":102,"column":62}},"33":{"start":{"line":103,"column":6},"end":{"line":103,"column":60}},"34":{"start":{"line":105,"column":6},"end":{"line":105,"column":48}},"35":{"start":{"line":108,"column":4},"end":{"line":108,"column":39}},"36":{"start":{"line":114,"column":4},"end":{"line":114,"column":46}},"37":{"start":{"line":118,"column":4},"end":{"line":140,"column":5}},"38":{"start":{"line":123,"column":13},"end":{"line":129,"column":14}},"39":{"start":{"line":132,"column":11},"end":{"line":135,"column":13}}},"fnMap":{"0":{"name":"(anonymous_0)","decl":{"start":{"line":33,"column":2},"end":{"line":33,"column":3}},"loc":{"start":{"line":33,"column":28},"end":{"line":41,"column":3}},"line":33},"1":{"name":"(anonymous_1)","decl":{"start":{"line":43,"column":15},"end":{"line":43,"column":16}},"loc":{"start":{"line":43,"column":32},"end":{"line":66,"column":3}},"line":43},"2":{"name":"(anonymous_2)","decl":{"start":{"line":52,"column":34},"end":{"line":52,"column":35}},"loc":{"start":{"line":52,"column":42},"end":{"line":59,"column":9}},"line":52},"3":{"name":"(anonymous_3)","decl":{"start":{"line":53,"column":48},"end":{"line":53,"column":49}},"loc":{"start":{"line":53,"column":60},"end":{"line":53,"column":89}},"line":53},"4":{"name":"(anonymous_4)","decl":{"start":{"line":70,"column":22},"end":{"line":70,"column":23}},"loc":{"start":{"line":70,"column":59},"end":{"line":109,"column":3}},"line":70},"5":{"name":"(anonymous_5)","decl":{"start":{"line":83,"column":36},"end":{"line":83,"column":37}},"loc":{"start":{"line":83,"column":44},"end":{"line":89,"column":9}},"line":83},"6":{"name":"(anonymous_6)","decl":{"start":{"line":95,"column":39},"end":{"line":95,"column":40}},"loc":{"start":{"line":95,"column":47},"end":{"line":97,"column":9}},"line":95},"7":{"name":"(anonymous_7)","decl":{"start":{"line":113,"column":19},"end":{"line":113,"column":20}},"loc":{"start":{"line":113,"column":30},"end":{"line":115,"column":3}},"line":113},"8":{"name":"(anonymous_8)","decl":{"start":{"line":117,"column":2},"end":{"line":117,"column":3}},"loc":{"start":{"line":117,"column":11},"end":{"line":141,"column":3}},"line":117},"9":{"name":"(anonymous_9)","decl":{"start":{"line":122,"column":42},"end":{"line":122,"column":43}},"loc":{"start":{"line":123,"column":13},"end":{"line":129,"column":14}},"line":123},"10":{"name":"(anonymous_10)","decl":{"start":{"line":131,"column":40},"end":{"line":131,"column":41}},"loc":{"start":{"line":132,"column":11},"end":{"line":135,"column":13}},"line":132}},"branchMap":{"0":{"loc":{"start":{"line":47,"column":6},"end":{"line":61,"column":7}},"type":"if","locations":[{"start":{"line":47,"column":6},"end":{"line":61,"column":7}},{"start":{"line":47,"column":6},"end":{"line":61,"column":7}}],"line":47},"1":{"loc":{"start":{"line":54,"column":10},"end":{"line":57,"column":11}},"type":"if","locations":[{"start":{"line":54,"column":10},"end":{"line":57,"column":11}},{"start":{"line":54,"column":10},"end":{"line":57,"column":11}}],"line":54},"2":{"loc":{"start":{"line":77,"column":4},"end":{"line":106,"column":5}},"type":"if","locations":[{"start":{"line":77,"column":4},"end":{"line":106,"column":5}},{"start":{"line":77,"column":4},"end":{"line":106,"column":5}}],"line":77},"3":{"loc":{"start":{"line":80,"column":6},"end":{"line":99,"column":7}},"type":"if","locations":[{"start":{"line":80,"column":6},"end":{"line":99,"column":7}},{"start":{"line":80,"column":6},"end":{"line":99,"column":7}}],"line":80},"4":{"loc":{"start":{"line":84,"column":10},"end":{"line":88,"column":11}},"type":"if","locations":[{"start":{"line":84,"column":10},"end":{"line":88,"column":11}},{"start":{"line":84,"column":10},"end":{"line":88,"column":11}}],"line":84}},"s":{"0":1,"1":2,"2":2,"3":2,"4":2,"5":0,"6":0,"7":0,"8":0,"9":0,"10":0,"11":0,"12":0,"13":0,"14":0,"15":0,"16":0,"17":0,"18":0,"19":0,"20":0,"21":0,"22":0,"23":0,"24":0,"25":0,"26":0,"27":0,"28":0,"29":0,"30":0,"31":0,"32":0,"33":0,"34":0,"35":0,"36":0,"37":4,"38":0,"39":4},"f":{"0":2,"1":0,"2":0,"3":0,"4":0,"5":0,"6":0,"7":0,"8":4,"9":0,"10":4},"b":{"0":[0,0],"1":[0,0],"2":[0,0],"3":[0,0],"4":[0,0]},"_coverageSchema":"332fd63041d2c1bcb487cc26dd0d5f7d97098a6c","hash":"e1cddfc7bf45596a4048923b1d71278fa880f2f7"}
,"/home/vinicius/repos/my-reads/src/BooksAPI.js": {"path":"/home/vinicius/repos/my-reads/src/BooksAPI.js","statementMap":{"0":{"start":{"line":2,"column":12},"end":{"line":2,"column":51}},"1":{"start":{"line":6,"column":12},"end":{"line":6,"column":30}},"2":{"start":{"line":7,"column":0},"end":{"line":8,"column":68}},"3":{"start":{"line":8,"column":2},"end":{"line":8,"column":68}},"4":{"start":{"line":10,"column":16},"end":{"line":13,"column":1}},"5":{"start":{"line":15,"column":19},"end":{"line":18,"column":28}},"6":{"start":{"line":16,"column":2},"end":{"line":18,"column":28}},"7":{"start":{"line":17,"column":17},"end":{"line":17,"column":27}},"8":{"start":{"line":18,"column":18},"end":{"line":18,"column":27}},"9":{"start":{"line":20,"column":22},"end":{"line":23,"column":29}},"10":{"start":{"line":21,"column":2},"end":{"line":23,"column":29}},"11":{"start":{"line":22,"column":17},"end":{"line":22,"column":27}},"12":{"start":{"line":23,"column":18},"end":{"line":23,"column":28}},"13":{"start":{"line":25,"column":22},"end":{"line":33,"column":28}},"14":{"start":{"line":26,"column":2},"end":{"line":33,"column":28}},"15":{"start":{"line":33,"column":17},"end":{"line":33,"column":27}},"16":{"start":{"line":35,"column":22},"end":{"line":44,"column":29}},"17":{"start":{"line":36,"column":2},"end":{"line":44,"column":29}},"18":{"start":{"line":43,"column":17},"end":{"line":43,"column":27}},"19":{"start":{"line":44,"column":18},"end":{"line":44,"column":28}}},"fnMap":{"0":{"name":"(anonymous_0)","decl":{"start":{"line":15,"column":19},"end":{"line":15,"column":20}},"loc":{"start":{"line":16,"column":2},"end":{"line":18,"column":28}},"line":16},"1":{"name":"(anonymous_1)","decl":{"start":{"line":17,"column":10},"end":{"line":17,"column":11}},"loc":{"start":{"line":17,"column":17},"end":{"line":17,"column":27}},"line":17},"2":{"name":"(anonymous_2)","decl":{"start":{"line":18,"column":10},"end":{"line":18,"column":11}},"loc":{"start":{"line":18,"column":18},"end":{"line":18,"column":27}},"line":18},"3":{"name":"(anonymous_3)","decl":{"start":{"line":20,"column":22},"end":{"line":20,"column":23}},"loc":{"start":{"line":21,"column":2},"end":{"line":23,"column":29}},"line":21},"4":{"name":"(anonymous_4)","decl":{"start":{"line":22,"column":10},"end":{"line":22,"column":11}},"loc":{"start":{"line":22,"column":17},"end":{"line":22,"column":27}},"line":22},"5":{"name":"(anonymous_5)","decl":{"start":{"line":23,"column":10},"end":{"line":23,"column":11}},"loc":{"start":{"line":23,"column":18},"end":{"line":23,"column":28}},"line":23},"6":{"name":"(anonymous_6)","decl":{"start":{"line":25,"column":22},"end":{"line":25,"column":23}},"loc":{"start":{"line":26,"column":2},"end":{"line":33,"column":28}},"line":26},"7":{"name":"(anonymous_7)","decl":{"start":{"line":33,"column":10},"end":{"line":33,"column":11}},"loc":{"start":{"line":33,"column":17},"end":{"line":33,"column":27}},"line":33},"8":{"name":"(anonymous_8)","decl":{"start":{"line":35,"column":22},"end":{"line":35,"column":23}},"loc":{"start":{"line":36,"column":2},"end":{"line":44,"column":29}},"line":36},"9":{"name":"(anonymous_9)","decl":{"start":{"line":43,"column":10},"end":{"line":43,"column":11}},"loc":{"start":{"line":43,"column":17},"end":{"line":43,"column":27}},"line":43},"10":{"name":"(anonymous_10)","decl":{"start":{"line":44,"column":10},"end":{"line":44,"column":11}},"loc":{"start":{"line":44,"column":18},"end":{"line":44,"column":28}},"line":44}},"branchMap":{"0":{"loc":{"start":{"line":7,"column":0},"end":{"line":8,"column":68}},"type":"if","locations":[{"start":{"line":7,"column":0},"end":{"line":8,"column":68}},{"start":{"line":7,"column":0},"end":{"line":8,"column":68}}],"line":7}},"s":{"0":2,"1":2,"2":2,"3":2,"4":2,"5":2,"6":1,"7":1,"8":1,"9":2,"10":3,"11":3,"12":3,"13":2,"14":0,"15":0,"16":2,"17":1,"18":1,"19":1},"f":{"0":1,"1":1,"2":1,"3":3,"4":3,"5":3,"6":0,"7":0,"8":1,"9":1,"10":1},"b":{"0":[2,0]},"_coverageSchema":"332fd63041d2c1bcb487cc26dd0d5f7d97098a6c","hash":"0c955df5c1fdeca75abf5006a6162a7439e67de9"}
,"/home/vinicius/repos/my-reads/src/index.js": {"path":"/home/vinicius/repos/my-reads/src/index.js","statementMap":{"0":{"start":{"line":1,"column":32},"end":{"line":1,"column":76}},"1":{"start":{"line":1,"column":90},"end":{"line":1,"column":106}},"2":{"start":{"line":1,"column":121},"end":{"line":1,"column":151}},"3":{"start":{"line":2,"column":16},"end":{"line":2,"column":36}},"4":{"start":{"line":2,"column":54},"end":{"line":2,"column":87}},"5":{"start":{"line":3,"column":11},"end":{"line":3,"column":27}},"6":{"start":{"line":3,"column":40},"end":{"line":3,"column":68}},"7":{"start":{"line":4,"column":22},"end":{"line":4,"column":49}},"8":{"start":{"line":5,"column":0},"end":{"line":5,"column":23}},"9":{"start":{"line":5,"column":61},"end":{"line":5,"column":115}},"10":{"start":{"line":7,"column":0},"end":{"line":7,"column":319}}},"fnMap":{"0":{"name":"_interopRequireDefault","decl":{"start":{"line":5,"column":32},"end":{"line":5,"column":54}},"loc":{"start":{"line":5,"column":60},"end":{"line":5,"column":116}},"line":5}},"branchMap":{"0":{"loc":{"start":{"line":5,"column":68},"end":{"line":5,"column":114}},"type":"cond-expr","locations":[{"start":{"line":5,"column":92},"end":{"line":5,"column":95}},{"start":{"line":5,"column":98},"end":{"line":5,"column":114}}],"line":5},"1":{"loc":{"start":{"line":5,"column":68},"end":{"line":5,"column":89}},"type":"binary-expr","locations":[{"start":{"line":5,"column":68},"end":{"line":5,"column":71}},{"start":{"line":5,"column":75},"end":{"line":5,"column":89}}],"line":5}},"s":{"0":0,"1":0,"2":0,"3":0,"4":0,"5":0,"6":0,"7":0,"8":0,"9":0,"10":0},"f":{"0":0},"b":{"0":[0,0],"1":[0,0]}}
,"/home/vinicius/repos/my-reads/src/setupTests.js": {"path":"/home/vinicius/repos/my-reads/src/setupTests.js","statementMap":{"0":{"start":{"line":4,"column":0},"end":{"line":4,"column":45}},"1":{"start":{"line":6,"column":26},"end":{"line":10,"column":2}},"2":{"start":{"line":12,"column":1},"end":{"line":12,"column":40}}},"fnMap":{},"branchMap":{},"s":{"0":11,"1":11,"2":11},"f":{},"b":{},"_coverageSchema":"332fd63041d2c1bcb487cc26dd0d5f7d97098a6c","hash":"2721f4617d7aa199a262e272ee29e38a0443922d"}
,"/home/vinicius/repos/my-reads/src/components/Book/Book.js": {"path":"/home/vinicius/repos/my-reads/src/components/Book/Book.js","statementMap":{"0":{"start":{"line":4,"column":13},"end":{"line":44,"column":1}},"1":{"start":{"line":8,"column":7},"end":{"line":8,"column":12}},"2":{"start":{"line":14,"column":14},"end":{"line":14,"column":18}},"3":{"start":{"line":15,"column":25},"end":{"line":15,"column":58}},"4":{"start":{"line":17,"column":2},"end":{"line":43,"column":4}},"5":{"start":{"line":28,"column":16},"end":{"line":28,"column":65}},"6":{"start":{"line":46,"column":0},"end":{"line":49,"column":1}}},"fnMap":{"0":{"name":"(anonymous_0)","decl":{"start":{"line":4,"column":13},"end":{"line":4,"column":14}},"loc":{"start":{"line":4,"column":24},"end":{"line":44,"column":1}},"line":4},"1":{"name":"(anonymous_1)","decl":{"start":{"line":27,"column":24},"end":{"line":27,"column":25}},"loc":{"start":{"line":27,"column":35},"end":{"line":28,"column":66}},"line":27}},"branchMap":{"0":{"loc":{"start":{"line":15,"column":25},"end":{"line":15,"column":58}},"type":"cond-expr","locations":[{"start":{"line":15,"column":39},"end":{"line":15,"column":49}},{"start":{"line":15,"column":52},"end":{"line":15,"column":58}}],"line":15},"1":{"loc":{"start":{"line":20,"column":10},"end":{"line":23,"column":32}},"type":"cond-expr","locations":[{"start":{"line":21,"column":8},"end":{"line":21,"column":129}},{"start":{"line":23,"column":8},"end":{"line":23,"column":32}}],"line":20}},"s":{"0":6,"1":2,"2":2,"3":2,"4":2,"5":1,"6":6},"f":{"0":2,"1":1},"b":{"0":[2,0],"1":[2,0]},"_coverageSchema":"332fd63041d2c1bcb487cc26dd0d5f7d97098a6c","hash":"428f2e362e02a1cbf45191e97a65619f9df57298"}
,"/home/vinicius/repos/my-reads/src/components/BookGrid/BookGrid.js": {"path":"/home/vinicius/repos/my-reads/src/components/BookGrid/BookGrid.js","statementMap":{"0":{"start":{"line":5,"column":17},"end":{"line":24,"column":1}},"1":{"start":{"line":6,"column":23},"end":{"line":6,"column":28}},"2":{"start":{"line":7,"column":2},"end":{"line":23,"column":3}},"3":{"start":{"line":11,"column":12},"end":{"line":17,"column":18}}},"fnMap":{"0":{"name":"(anonymous_0)","decl":{"start":{"line":5,"column":17},"end":{"line":5,"column":18}},"loc":{"start":{"line":5,"column":28},"end":{"line":24,"column":1}},"line":5},"1":{"name":"(anonymous_1)","decl":{"start":{"line":10,"column":23},"end":{"line":10,"column":24}},"loc":{"start":{"line":10,"column":37},"end":{"line":18,"column":11}},"line":10}},"branchMap":{"0":{"loc":{"start":{"line":9,"column":10},"end":{"line":20,"column":14}},"type":"cond-expr","locations":[{"start":{"line":10,"column":10},"end":{"line":18,"column":12}},{"start":{"line":20,"column":10},"end":{"line":20,"column":14}}],"line":9}},"s":{"0":4,"1":14,"2":14,"3":10},"f":{"0":14,"1":10},"b":{"0":[14,0]},"_coverageSchema":"332fd63041d2c1bcb487cc26dd0d5f7d97098a6c","hash":"a068e94c926578812bb35e27728d114f795068a0"}
,"/home/vinicius/repos/my-reads/src/components/BookShelf/BookShelf.js": {"path":"/home/vinicius/repos/my-reads/src/components/BookShelf/BookShelf.js","statementMap":{"0":{"start":{"line":5,"column":18},"end":{"line":17,"column":1}},"1":{"start":{"line":6,"column":23},"end":{"line":6,"column":28}},"2":{"start":{"line":7,"column":2},"end":{"line":16,"column":3}},"3":{"start":{"line":20,"column":0},"end":{"line":23,"column":1}}},"fnMap":{"0":{"name":"(anonymous_0)","decl":{"start":{"line":5,"column":18},"end":{"line":5,"column":19}},"loc":{"start":{"line":5,"column":29},"end":{"line":17,"column":1}},"line":5}},"branchMap":{"0":{"loc":{"start":{"line":12,"column":60},"end":{"line":12,"column":105}},"type":"cond-expr","locations":[{"start":{"line":12,"column":93},"end":{"line":12,"column":101}},{"start":{"line":12,"column":103},"end":{"line":12,"column":105}}],"line":12}},"s":{"0":3,"1":14,"2":14,"3":3},"f":{"0":14},"b":{"0":[14,0]},"_coverageSchema":"332fd63041d2c1bcb487cc26dd0d5f7d97098a6c","hash":"7daf4c7281eea10a8f982f16735c4d9a2a3fba2b"}
,"/home/vinicius/repos/my-reads/src/components/Footer/Footer.js": {"path":"/home/vinicius/repos/my-reads/src/components/Footer/Footer.js","statementMap":{"0":{"start":{"line":4,"column":15},"end":{"line":10,"column":1}},"1":{"start":{"line":5,"column":2},"end":{"line":9,"column":4}}},"fnMap":{"0":{"name":"(anonymous_0)","decl":{"start":{"line":4,"column":15},"end":{"line":4,"column":16}},"loc":{"start":{"line":4,"column":24},"end":{"line":10,"column":1}},"line":4}},"branchMap":{},"s":{"0":3,"1":5},"f":{"0":5},"b":{},"_coverageSchema":"332fd63041d2c1bcb487cc26dd0d5f7d97098a6c","hash":"a7e9d11075486ecb3d52e36e8b9d6c72326c1bd1"}
,"/home/vinicius/repos/my-reads/src/components/Navigation/Header/Header.js": {"path":"/home/vinicius/repos/my-reads/src/components/Navigation/Header/Header.js","statementMap":{"0":{"start":{"line":4,"column":15},"end":{"line":19,"column":1}},"1":{"start":{"line":5,"column":21},"end":{"line":5,"column":26}},"2":{"start":{"line":6,"column":2},"end":{"line":18,"column":4}},"3":{"start":{"line":21,"column":0},"end":{"line":23,"column":2}}},"fnMap":{"0":{"name":"(anonymous_0)","decl":{"start":{"line":4,"column":15},"end":{"line":4,"column":16}},"loc":{"start":{"line":4,"column":26},"end":{"line":19,"column":1}},"line":4}},"branchMap":{"0":{"loc":{"start":{"line":7,"column":4},"end":{"line":17,"column":12}},"type":"cond-expr","locations":[{"start":{"line":8,"column":4},"end":{"line":10,"column":10}},{"start":{"line":12,"column":6},"end":{"line":17,"column":12}}],"line":7}},"s":{"0":2,"1":5,"2":5,"3":2},"f":{"0":5},"b":{"0":[0,5]},"_coverageSchema":"332fd63041d2c1bcb487cc26dd0d5f7d97098a6c","hash":"2673bd257a4edacf1a79af3afbe8b520c35847e5"}
,"/home/vinicius/repos/my-reads/src/components/Navigation/SearchPage/SearchPage.js": {"path":"/home/vinicius/repos/my-reads/src/components/Navigation/SearchPage/SearchPage.js","statementMap":{"0":{"start":{"line":25,"column":4},"end":{"line":25,"column":30}},"1":{"start":{"line":29,"column":4},"end":{"line":29,"column":44}},"2":{"start":{"line":30,"column":26},"end":{"line":30,"column":36}},"3":{"start":{"line":31,"column":4},"end":{"line":31,"column":57}},"4":{"start":{"line":33,"column":20},"end":{"line":39,"column":6}},"5":{"start":{"line":34,"column":18},"end":{"line":34,"column":79}},"6":{"start":{"line":34,"column":45},"end":{"line":34,"column":78}},"7":{"start":{"line":35,"column":6},"end":{"line":38,"column":55}},"8":{"start":{"line":36,"column":8},"end":{"line":36,"column":55}},"9":{"start":{"line":38,"column":11},"end":{"line":38,"column":55}},"10":{"start":{"line":40,"column":4},"end":{"line":40,"column":34}},"11":{"start":{"line":41,"column":4},"end":{"line":41,"column":52}},"12":{"start":{"line":42,"column":4},"end":{"line":42,"column":44}},"13":{"start":{"line":46,"column":26},"end":{"line":46,"column":36}},"14":{"start":{"line":47,"column":22},"end":{"line":47,"column":34}},"15":{"start":{"line":49,"column":4},"end":{"line":49,"column":40}},"16":{"start":{"line":50,"column":4},"end":{"line":65,"column":5}},"17":{"start":{"line":51,"column":20},"end":{"line":51,"column":56}},"18":{"start":{"line":53,"column":20},"end":{"line":53,"column":62}},"19":{"start":{"line":53,"column":44},"end":{"line":53,"column":61}},"20":{"start":{"line":54,"column":6},"end":{"line":56,"column":7}},"21":{"start":{"line":55,"column":8},"end":{"line":55,"column":57}},"22":{"start":{"line":60,"column":6},"end":{"line":62,"column":7}},"23":{"start":{"line":61,"column":8},"end":{"line":61,"column":40}},"24":{"start":{"line":64,"column":6},"end":{"line":64,"column":41}},"25":{"start":{"line":69,"column":28},"end":{"line":69,"column":38}},"26":{"start":{"line":70,"column":4},"end":{"line":70,"column":42}},"27":{"start":{"line":71,"column":4},"end":{"line":71,"column":49}},"28":{"start":{"line":72,"column":4},"end":{"line":72,"column":62}},"29":{"start":{"line":73,"column":4},"end":{"line":73,"column":36}},"30":{"start":{"line":77,"column":27},"end":{"line":77,"column":37}},"31":{"start":{"line":78,"column":40},"end":{"line":78,"column":50}},"32":{"start":{"line":79,"column":4},"end":{"line":116,"column":6}},"33":{"start":{"line":84,"column":25},"end":{"line":84,"column":51}},"34":{"start":{"line":93,"column":31},"end":{"line":93,"column":61}},"35":{"start":{"line":101,"column":20},"end":{"line":108,"column":21}}},"fnMap":{"0":{"name":"(anonymous_0)","decl":{"start":{"line":24,"column":2},"end":{"line":24,"column":3}},"loc":{"start":{"line":24,"column":22},"end":{"line":26,"column":3}},"line":24},"1":{"name":"(anonymous_1)","decl":{"start":{"line":28,"column":18},"end":{"line":28,"column":19}},"loc":{"start":{"line":28,"column":31},"end":{"line":43,"column":3}},"line":28},"2":{"name":"(anonymous_2)","decl":{"start":{"line":33,"column":32},"end":{"line":33,"column":33}},"loc":{"start":{"line":33,"column":50},"end":{"line":39,"column":5}},"line":33},"3":{"name":"(anonymous_3)","decl":{"start":{"line":34,"column":33},"end":{"line":34,"column":34}},"loc":{"start":{"line":34,"column":45},"end":{"line":34,"column":78}},"line":34},"4":{"name":"(anonymous_4)","decl":{"start":{"line":45,"column":23},"end":{"line":45,"column":24}},"loc":{"start":{"line":45,"column":40},"end":{"line":66,"column":3}},"line":45},"5":{"name":"(anonymous_5)","decl":{"start":{"line":53,"column":35},"end":{"line":53,"column":36}},"loc":{"start":{"line":53,"column":44},"end":{"line":53,"column":61}},"line":53},"6":{"name":"(anonymous_6)","decl":{"start":{"line":68,"column":24},"end":{"line":68,"column":25}},"loc":{"start":{"line":68,"column":64},"end":{"line":74,"column":3}},"line":68},"7":{"name":"(anonymous_7)","decl":{"start":{"line":76,"column":2},"end":{"line":76,"column":3}},"loc":{"start":{"line":76,"column":11},"end":{"line":117,"column":3}},"line":76},"8":{"name":"(anonymous_8)","decl":{"start":{"line":84,"column":19},"end":{"line":84,"column":20}},"loc":{"start":{"line":84,"column":25},"end":{"line":84,"column":51}},"line":84},"9":{"name":"(anonymous_9)","decl":{"start":{"line":93,"column":22},"end":{"line":93,"column":23}},"loc":{"start":{"line":93,"column":31},"end":{"line":93,"column":61}},"line":93},"10":{"name":"(anonymous_10)","decl":{"start":{"line":100,"column":34},"end":{"line":100,"column":35}},"loc":{"start":{"line":100,"column":42},"end":{"line":109,"column":19}},"line":100}},"branchMap":{"0":{"loc":{"start":{"line":35,"column":6},"end":{"line":38,"column":55}},"type":"if","locations":[{"start":{"line":35,"column":6},"end":{"line":38,"column":55}},{"start":{"line":35,"column":6},"end":{"line":38,"column":55}}],"line":35},"1":{"loc":{"start":{"line":35,"column":10},"end":{"line":35,"column":43}},"type":"binary-expr","locations":[{"start":{"line":35,"column":10},"end":{"line":35,"column":27}},{"start":{"line":35,"column":31},"end":{"line":35,"column":43}}],"line":35},"2":{"loc":{"start":{"line":50,"column":4},"end":{"line":65,"column":5}},"type":"if","locations":[{"start":{"line":50,"column":4},"end":{"line":65,"column":5}},{"start":{"line":50,"column":4},"end":{"line":65,"column":5}}],"line":50},"3":{"loc":{"start":{"line":50,"column":8},"end":{"line":50,"column":37}},"type":"binary-expr","locations":[{"start":{"line":50,"column":8},"end":{"line":50,"column":21}},{"start":{"line":50,"column":25},"end":{"line":50,"column":37}}],"line":50},"4":{"loc":{"start":{"line":54,"column":6},"end":{"line":56,"column":7}},"type":"if","locations":[{"start":{"line":54,"column":6},"end":{"line":56,"column":7}},{"start":{"line":54,"column":6},"end":{"line":56,"column":7}}],"line":54},"5":{"loc":{"start":{"line":60,"column":6},"end":{"line":62,"column":7}},"type":"if","locations":[{"start":{"line":60,"column":6},"end":{"line":62,"column":7}},{"start":{"line":60,"column":6},"end":{"line":62,"column":7}}],"line":60},"6":{"loc":{"start":{"line":99,"column":17},"end":{"line":111,"column":29}},"type":"cond-expr","locations":[{"start":{"line":100,"column":18},"end":{"line":109,"column":20}},{"start":{"line":111,"column":18},"end":{"line":111,"column":29}}],"line":99}},"s":{"0":9,"1":1,"2":1,"3":1,"4":1,"5":3,"6":0,"7":3,"8":0,"9":3,"10":1,"11":1,"12":1,"13":5,"14":5,"15":5,"16":5,"17":3,"18":3,"19":81,"20":3,"21":2,"22":3,"23":1,"24":2,"25":0,"26":0,"27":0,"28":0,"29":0,"30":21,"31":21,"32":21,"33":1,"34":5,"35":3},"f":{"0":9,"1":1,"2":3,"3":0,"4":5,"5":81,"6":0,"7":21,"8":1,"9":5,"10":3},"b":{"0":[0,3],"1":[3,0],"2":[3,2],"3":[5,4],"4":[2,1],"5":[1,2],"6":[1,20]},"_coverageSchema":"332fd63041d2c1bcb487cc26dd0d5f7d97098a6c","hash":"e3c008768f1e4e1e646e21228b1f585e1b73716c"}
,"/home/vinicius/repos/my-reads/src/components/UserBooks/UserBooks.js": {"path":"/home/vinicius/repos/my-reads/src/components/UserBooks/UserBooks.js","statementMap":{"0":{"start":{"line":8,"column":15},"end":{"line":8,"column":57}},"1":{"start":{"line":10,"column":18},"end":{"line":42,"column":1}},"2":{"start":{"line":11,"column":23},"end":{"line":11,"column":28}},"3":{"start":{"line":12,"column":29},"end":{"line":12,"column":31}},"4":{"start":{"line":13,"column":24},"end":{"line":13,"column":26}},"5":{"start":{"line":14,"column":17},"end":{"line":14,"column":19}},"6":{"start":{"line":16,"column":2},"end":{"line":23,"column":3}},"7":{"start":{"line":18,"column":4},"end":{"line":22,"column":75}},"8":{"start":{"line":22,"column":29},"end":{"line":22,"column":74}},"9":{"start":{"line":22,"column":53},"end":{"line":22,"column":73}},"10":{"start":{"line":25,"column":2},"end":{"line":41,"column":3}},"11":{"start":{"line":44,"column":2},"end":{"line":47,"column":1}}},"fnMap":{"0":{"name":"(anonymous_0)","decl":{"start":{"line":10,"column":18},"end":{"line":10,"column":19}},"loc":{"start":{"line":10,"column":29},"end":{"line":42,"column":1}},"line":10},"1":{"name":"(anonymous_1)","decl":{"start":{"line":22,"column":20},"end":{"line":22,"column":21}},"loc":{"start":{"line":22,"column":29},"end":{"line":22,"column":74}},"line":22},"2":{"name":"(anonymous_2)","decl":{"start":{"line":22,"column":45},"end":{"line":22,"column":46}},"loc":{"start":{"line":22,"column":53},"end":{"line":22,"column":73}},"line":22}},"branchMap":{"0":{"loc":{"start":{"line":16,"column":2},"end":{"line":23,"column":3}},"type":"if","locations":[{"start":{"line":16,"column":2},"end":{"line":23,"column":3}},{"start":{"line":16,"column":2},"end":{"line":23,"column":3}}],"line":16},"1":{"loc":{"start":{"line":16,"column":6},"end":{"line":16,"column":44}},"type":"binary-expr","locations":[{"start":{"line":16,"column":6},"end":{"line":16,"column":18}},{"start":{"line":16,"column":22},"end":{"line":16,"column":44}}],"line":16}},"s":{"0":2,"1":2,"2":7,"3":7,"4":7,"5":7,"6":7,"7":7,"8":21,"9":36,"10":7,"11":2},"f":{"0":7,"1":21,"2":36},"b":{"0":[7,0],"1":[7,7]},"_coverageSchema":"332fd63041d2c1bcb487cc26dd0d5f7d97098a6c","hash":"006d45c8adb79405eefa107945cf9dd56c59b8a1"}
,"/home/vinicius/repos/my-reads/src/hoc/Aux/Aux.js": {"path":"/home/vinicius/repos/my-reads/src/hoc/Aux/Aux.js","statementMap":{"0":{"start":{"line":4,"column":12},"end":{"line":4,"column":37}},"1":{"start":{"line":4,"column":23},"end":{"line":4,"column":37}}},"fnMap":{"0":{"name":"(anonymous_0)","decl":{"start":{"line":4,"column":12},"end":{"line":4,"column":13}},"loc":{"start":{"line":4,"column":23},"end":{"line":4,"column":37}},"line":4}},"branchMap":{},"s":{"0":1,"1":1},"f":{"0":1},"b":{},"_coverageSchema":"332fd63041d2c1bcb487cc26dd0d5f7d97098a6c","hash":"86440180124a639164f2b4e92be735bad38a1847"}
,"/home/vinicius/repos/my-reads/src/hoc/Container/Container.js": {"path":"/home/vinicius/repos/my-reads/src/hoc/Container/Container.js","statementMap":{"0":{"start":{"line":3,"column":18},"end":{"line":10,"column":1}},"1":{"start":{"line":4,"column":21},"end":{"line":4,"column":26}},"2":{"start":{"line":5,"column":2},"end":{"line":9,"column":3}}},"fnMap":{"0":{"name":"(anonymous_0)","decl":{"start":{"line":3,"column":18},"end":{"line":3,"column":19}},"loc":{"start":{"line":3,"column":29},"end":{"line":10,"column":1}},"line":3}},"branchMap":{"0":{"loc":{"start":{"line":6,"column":21},"end":{"line":6,"column":59}},"type":"cond-expr","locations":[{"start":{"line":6,"column":30},"end":{"line":6,"column":42}},{"start":{"line":6,"column":45},"end":{"line":6,"column":59}}],"line":6}},"s":{"0":2,"1":5,"2":5},"f":{"0":5},"b":{"0":[0,5]},"_coverageSchema":"332fd63041d2c1bcb487cc26dd0d5f7d97098a6c","hash":"c58f8ba87ee263d2c8ba10c4e9c528bce863b887"}
,"/home/vinicius/repos/my-reads/src/hoc/Layout/Layout.js": {"path":"/home/vinicius/repos/my-reads/src/hoc/Layout/Layout.js","statementMap":{"0":{"start":{"line":3,"column":15},"end":{"line":9,"column":1}},"1":{"start":{"line":4,"column":2},"end":{"line":8,"column":3}}},"fnMap":{"0":{"name":"(anonymous_0)","decl":{"start":{"line":3,"column":15},"end":{"line":3,"column":16}},"loc":{"start":{"line":3,"column":26},"end":{"line":9,"column":1}},"line":3}},"branchMap":{},"s":{"0":2,"1":5},"f":{"0":5},"b":{},"_coverageSchema":"332fd63041d2c1bcb487cc26dd0d5f7d97098a6c","hash":"de6984d886b9e974d70bb12aea8dcc52f13b35e4"}
,"/home/vinicius/repos/my-reads/src/tests/testResource/allbooks.js": {"path":"/home/vinicius/repos/my-reads/src/tests/testResource/allbooks.js","statementMap":{"0":{"start":{"line":1,"column":0},"end":{"line":243,"column":1}}},"fnMap":{},"branchMap":{},"s":{"0":1},"f":{},"b":{},"_coverageSchema":"332fd63041d2c1bcb487cc26dd0d5f7d97098a6c","hash":"c322887a59eba4f339c184438878929587b0c528"}
}
