TN:
SF:/home/vinicius/repos/my-reads/src/App.js
FN:33,(anonymous_0)
FN:34,(anonymous_1)
FN:41,(anonymous_2)
FN:50,(anonymous_3)
FN:51,(anonymous_4)
FN:68,(anonymous_5)
FN:81,(anonymous_6)
FN:90,(anonymous_7)
FN:107,(anonymous_8)
FN:111,(anonymous_9)
FN:116,(anonymous_10)
FN:125,(anonymous_11)
FNF:12
FNH:0
FNDA:0,(anonymous_0)
FNDA:0,(anonymous_1)
FNDA:0,(anonymous_2)
FNDA:0,(anonymous_3)
FNDA:0,(anonymous_4)
FNDA:0,(anonymous_5)
FNDA:0,(anonymous_6)
FNDA:0,(anonymous_7)
FNDA:0,(anonymous_8)
FNDA:0,(anonymous_9)
FNDA:0,(anonymous_10)
FNDA:0,(anonymous_11)
DA:13,1
DA:34,0
DA:35,0
DA:36,0
DA:37,0
DA:42,0
DA:44,0
DA:45,0
DA:47,0
DA:50,0
DA:51,0
DA:52,0
DA:54,0
DA:56,0
DA:58,0
DA:60,0
DA:62,0
DA:71,0
DA:75,0
DA:78,0
DA:81,0
DA:82,0
DA:83,0
DA:85,0
DA:90,0
DA:91,0
DA:94,0
DA:97,0
DA:98,0
DA:102,0
DA:108,0
DA:112,0
DA:117,0
DA:126,0
LF:34
LH:1
BRDA:45,0,0,0
BRDA:45,0,1,0
BRDA:52,1,0,0
BRDA:52,1,1,0
BRDA:75,2,0,0
BRDA:75,2,1,0
BRDA:78,3,0,0
BRDA:78,3,1,0
BRDA:82,4,0,0
BRDA:82,4,1,0
BRF:10
BRH:0
end_of_record
TN:
SF:/home/vinicius/repos/my-reads/src/BooksAPI.js
FN:15,(anonymous_0)
FN:17,(anonymous_1)
FN:18,(anonymous_2)
FN:20,(anonymous_3)
FN:22,(anonymous_4)
FN:23,(anonymous_5)
FN:25,(anonymous_6)
FN:33,(anonymous_7)
FN:35,(anonymous_8)
FN:43,(anonymous_9)
FN:44,(anonymous_10)
FNF:11
FNH:9
FNDA:1,(anonymous_0)
FNDA:1,(anonymous_1)
FNDA:1,(anonymous_2)
FNDA:1,(anonymous_3)
FNDA:1,(anonymous_4)
FNDA:1,(anonymous_5)
FNDA:0,(anonymous_6)
FNDA:0,(anonymous_7)
FNDA:1,(anonymous_8)
FNDA:1,(anonymous_9)
FNDA:1,(anonymous_10)
DA:2,2
DA:6,2
DA:7,2
DA:8,2
DA:10,2
DA:15,2
DA:16,1
DA:17,1
DA:18,1
DA:20,2
DA:21,1
DA:22,1
DA:23,1
DA:25,2
DA:26,0
DA:33,0
DA:35,2
DA:36,1
DA:43,1
DA:44,1
LF:20
LH:18
BRDA:7,0,0,2
BRDA:7,0,1,0
BRF:2
BRH:1
end_of_record
TN:
SF:/home/vinicius/repos/my-reads/src/index.js
FN:5,_interopRequireDefault
FNF:1
FNH:0
FNDA:0,_interopRequireDefault
DA:1,0
DA:2,0
DA:3,0
DA:4,0
DA:5,0
DA:7,0
LF:6
LH:0
BRDA:5,0,0,0
BRDA:5,0,1,0
BRDA:5,1,0,0
BRDA:5,1,1,0
BRF:4
BRH:0
end_of_record
TN:
SF:/home/vinicius/repos/my-reads/src/setupTests.js
FNF:0
FNH:0
DA:4,11
DA:6,11
DA:11,11
LF:3
LH:3
BRF:0
BRH:0
end_of_record
TN:
SF:/home/vinicius/repos/my-reads/src/components/Book/Book.js
FN:4,(anonymous_0)
FN:27,(anonymous_1)
FNF:2
FNH:2
FNDA:2,(anonymous_0)
FNDA:1,(anonymous_1)
DA:4,6
DA:8,2
DA:14,2
DA:15,2
DA:17,2
DA:28,1
DA:46,6
LF:7
LH:7
BRDA:15,0,0,2
BRDA:15,0,1,0
BRDA:20,1,0,2
BRDA:20,1,1,0
BRF:4
BRH:2
end_of_record
TN:
SF:/home/vinicius/repos/my-reads/src/components/BookGrid/BookGrid.js
FN:5,(anonymous_0)
FN:10,(anonymous_1)
FNF:2
FNH:2
FNDA:2,(anonymous_0)
FNDA:10,(anonymous_1)
DA:5,4
DA:6,2
DA:7,2
DA:11,10
LF:4
LH:4
BRDA:9,0,0,2
BRDA:9,0,1,0
BRF:2
BRH:1
end_of_record
TN:
SF:/home/vinicius/repos/my-reads/src/components/BookShelf/BookShelf.js
FN:5,(anonymous_0)
FNF:1
FNH:1
FNDA:2,(anonymous_0)
DA:5,3
DA:6,2
DA:7,2
DA:20,3
LF:4
LH:4
BRDA:12,0,0,2
BRDA:12,0,1,0
BRF:2
BRH:1
end_of_record
TN:
SF:/home/vinicius/repos/my-reads/src/components/Footer/Footer.js
FN:4,(anonymous_0)
FNF:1
FNH:1
FNDA:1,(anonymous_0)
DA:4,3
DA:5,1
LF:2
LH:2
BRF:0
BRH:0
end_of_record
TN:
SF:/home/vinicius/repos/my-reads/src/components/Navigation/Header/Header.js
FN:4,(anonymous_0)
FNF:1
FNH:1
FNDA:1,(anonymous_0)
DA:4,2
DA:5,1
DA:6,1
DA:21,2
LF:4
LH:4
BRDA:7,0,0,0
BRDA:7,0,1,1
BRF:2
BRH:1
end_of_record
TN:
SF:/home/vinicius/repos/my-reads/src/components/Navigation/SearchPage/SearchPage.js
FN:24,(anonymous_0)
FN:28,(anonymous_1)
FN:31,(anonymous_2)
FN:32,(anonymous_3)
FN:42,(anonymous_4)
FN:50,(anonymous_5)
FN:68,(anonymous_6)
FN:76,(anonymous_7)
FN:85,(anonymous_8)
FN:92,(anonymous_9)
FNF:10
FNH:9
FNDA:9,(anonymous_0)
FNDA:1,(anonymous_1)
FNDA:3,(anonymous_2)
FNDA:0,(anonymous_3)
FNDA:5,(anonymous_4)
FNDA:81,(anonymous_5)
FNDA:21,(anonymous_6)
FNDA:1,(anonymous_7)
FNDA:5,(anonymous_8)
FNDA:3,(anonymous_9)
DA:25,9
DA:29,1
DA:31,1
DA:32,3
DA:33,3
DA:34,0
DA:36,3
DA:38,1
DA:39,1
DA:43,5
DA:44,5
DA:46,5
DA:47,5
DA:48,3
DA:50,81
DA:51,3
DA:52,2
DA:57,3
DA:58,1
DA:61,2
DA:69,21
DA:70,21
DA:71,21
DA:76,1
DA:85,5
DA:93,3
LF:26
LH:25
BRDA:33,0,0,0
BRDA:33,0,1,3
BRDA:33,1,0,3
BRDA:33,1,1,0
BRDA:47,2,0,3
BRDA:47,2,1,2
BRDA:47,3,0,5
BRDA:47,3,1,4
BRDA:51,4,0,2
BRDA:51,4,1,1
BRDA:57,5,0,1
BRDA:57,5,1,2
BRDA:91,6,0,1
BRDA:91,6,1,20
BRF:14
BRH:12
end_of_record
TN:
SF:/home/vinicius/repos/my-reads/src/components/UserBooks/UserBooks.js
FN:10,(anonymous_0)
FN:16,(anonymous_1)
FN:19,(anonymous_2)
FN:22,(anonymous_3)
FN:25,(anonymous_4)
FNF:5
FNH:5
FNDA:3,(anonymous_0)
FNDA:9,(anonymous_1)
FNDA:10,(anonymous_2)
FNDA:10,(anonymous_3)
FNDA:10,(anonymous_4)
DA:8,2
DA:10,2
DA:11,3
DA:14,3
DA:16,3
DA:17,9
DA:19,10
DA:20,3
DA:22,10
DA:23,3
DA:25,10
DA:26,3
DA:31,3
DA:50,2
LF:14
LH:14
BRDA:14,0,0,3
BRDA:14,0,1,0
BRDA:14,1,0,3
BRDA:14,1,1,3
BRDA:17,2,0,3
BRDA:17,2,1,3
BRDA:17,2,2,3
BRF:7
BRH:6
end_of_record
TN:
SF:/home/vinicius/repos/my-reads/src/hoc/Aux/Aux.js
FN:4,(anonymous_0)
FNF:1
FNH:1
FNDA:1,(anonymous_0)
DA:4,1
LF:1
LH:1
BRF:0
BRH:0
end_of_record
TN:
SF:/home/vinicius/repos/my-reads/src/hoc/Container/Container.js
FN:3,(anonymous_0)
FNF:1
FNH:1
FNDA:1,(anonymous_0)
DA:3,2
DA:4,1
DA:5,1
LF:3
LH:3
BRDA:6,0,0,0
BRDA:6,0,1,1
BRF:2
BRH:1
end_of_record
TN:
SF:/home/vinicius/repos/my-reads/src/hoc/Layout/Layout.js
FN:3,(anonymous_0)
FNF:1
FNH:1
FNDA:1,(anonymous_0)
DA:3,2
DA:4,1
LF:2
LH:2
BRF:0
BRH:0
end_of_record
