TN:
SF:/home/vinicius/repos/my-reads/src/App.js
FN:33,(anonymous_0)
FN:43,(anonymous_1)
FN:52,(anonymous_2)
FN:53,(anonymous_3)
FN:70,(anonymous_4)
FN:83,(anonymous_5)
FN:95,(anonymous_6)
FN:113,(anonymous_7)
FN:117,(anonymous_8)
FN:122,(anonymous_9)
FN:131,(anonymous_10)
FNF:11
FNH:3
FNDA:2,(anonymous_0)
FNDA:0,(anonymous_1)
FNDA:0,(anonymous_2)
FNDA:0,(anonymous_3)
FNDA:0,(anonymous_4)
FNDA:0,(anonymous_5)
FNDA:0,(anonymous_6)
FNDA:0,(anonymous_7)
FNDA:4,(anonymous_8)
FNDA:0,(anonymous_9)
FNDA:4,(anonymous_10)
DA:13,1
DA:34,2
DA:35,2
DA:36,2
DA:37,2
DA:39,0
DA:44,0
DA:46,0
DA:47,0
DA:49,0
DA:52,0
DA:53,0
DA:54,0
DA:56,0
DA:58,0
DA:60,0
DA:62,0
DA:64,0
DA:73,0
DA:77,0
DA:80,0
DA:83,0
DA:84,0
DA:85,0
DA:87,0
DA:90,0
DA:91,0
DA:92,0
DA:95,0
DA:96,0
DA:98,0
DA:102,0
DA:103,0
DA:105,0
DA:108,0
DA:114,0
DA:118,4
DA:123,0
DA:132,4
LF:39
LH:7
BRDA:47,0,0,0
BRDA:47,0,1,0
BRDA:54,1,0,0
BRDA:54,1,1,0
BRDA:77,2,0,0
BRDA:77,2,1,0
BRDA:80,3,0,0
BRDA:80,3,1,0
BRDA:84,4,0,0
BRDA:84,4,1,0
BRF:10
BRH:0
end_of_record
TN:
SF:/home/vinicius/repos/my-reads/src/BooksAPI.js
FN:15,(anonymous_0)
FN:17,(anonymous_1)
FN:18,(anonymous_2)
FN:20,(anonymous_3)
FN:22,(anonymous_4)
FN:23,(anonymous_5)
FN:25,(anonymous_6)
FN:33,(anonymous_7)
FN:35,(anonymous_8)
FN:43,(anonymous_9)
FN:44,(anonymous_10)
FNF:11
FNH:9
FNDA:1,(anonymous_0)
FNDA:1,(anonymous_1)
FNDA:1,(anonymous_2)
FNDA:3,(anonymous_3)
FNDA:3,(anonymous_4)
FNDA:3,(anonymous_5)
FNDA:0,(anonymous_6)
FNDA:0,(anonymous_7)
FNDA:1,(anonymous_8)
FNDA:1,(anonymous_9)
FNDA:1,(anonymous_10)
DA:2,2
DA:6,2
DA:7,2
DA:8,2
DA:10,2
DA:15,2
DA:16,1
DA:17,1
DA:18,1
DA:20,2
DA:21,3
DA:22,3
DA:23,3
DA:25,2
DA:26,0
DA:33,0
DA:35,2
DA:36,1
DA:43,1
DA:44,1
LF:20
LH:18
BRDA:7,0,0,2
BRDA:7,0,1,0
BRF:2
BRH:1
end_of_record
TN:
SF:/home/vinicius/repos/my-reads/src/index.js
FN:5,_interopRequireDefault
FNF:1
FNH:0
FNDA:0,_interopRequireDefault
DA:1,0
DA:2,0
DA:3,0
DA:4,0
DA:5,0
DA:7,0
LF:6
LH:0
BRDA:5,0,0,0
BRDA:5,0,1,0
BRDA:5,1,0,0
BRDA:5,1,1,0
BRF:4
BRH:0
end_of_record
TN:
SF:/home/vinicius/repos/my-reads/src/setupTests.js
FNF:0
FNH:0
DA:4,11
DA:6,11
DA:12,11
LF:3
LH:3
BRF:0
BRH:0
end_of_record
TN:
SF:/home/vinicius/repos/my-reads/src/components/Book/Book.js
FN:4,(anonymous_0)
FN:27,(anonymous_1)
FNF:2
FNH:2
FNDA:2,(anonymous_0)
FNDA:1,(anonymous_1)
DA:4,6
DA:8,2
DA:14,2
DA:15,2
DA:17,2
DA:28,1
DA:46,6
LF:7
LH:7
BRDA:15,0,0,2
BRDA:15,0,1,0
BRDA:20,1,0,2
BRDA:20,1,1,0
BRF:4
BRH:2
end_of_record
TN:
SF:/home/vinicius/repos/my-reads/src/components/BookGrid/BookGrid.js
FN:5,(anonymous_0)
FN:10,(anonymous_1)
FNF:2
FNH:2
FNDA:14,(anonymous_0)
FNDA:10,(anonymous_1)
DA:5,4
DA:6,14
DA:7,14
DA:11,10
LF:4
LH:4
BRDA:9,0,0,14
BRDA:9,0,1,0
BRF:2
BRH:1
end_of_record
TN:
SF:/home/vinicius/repos/my-reads/src/components/BookShelf/BookShelf.js
FN:5,(anonymous_0)
FNF:1
FNH:1
FNDA:14,(anonymous_0)
DA:5,3
DA:6,14
DA:7,14
DA:20,3
LF:4
LH:4
BRDA:12,0,0,14
BRDA:12,0,1,0
BRF:2
BRH:1
end_of_record
TN:
SF:/home/vinicius/repos/my-reads/src/components/Footer/Footer.js
FN:4,(anonymous_0)
FNF:1
FNH:1
FNDA:5,(anonymous_0)
DA:4,3
DA:5,5
LF:2
LH:2
BRF:0
BRH:0
end_of_record
TN:
SF:/home/vinicius/repos/my-reads/src/components/Navigation/Header/Header.js
FN:4,(anonymous_0)
FNF:1
FNH:1
FNDA:5,(anonymous_0)
DA:4,2
DA:5,5
DA:6,5
DA:21,2
LF:4
LH:4
BRDA:7,0,0,0
BRDA:7,0,1,5
BRF:2
BRH:1
end_of_record
TN:
SF:/home/vinicius/repos/my-reads/src/components/Navigation/SearchPage/SearchPage.js
FN:24,(anonymous_0)
FN:28,(anonymous_1)
FN:33,(anonymous_2)
FN:34,(anonymous_3)
FN:45,(anonymous_4)
FN:53,(anonymous_5)
FN:68,(anonymous_6)
FN:76,(anonymous_7)
FN:84,(anonymous_8)
FN:93,(anonymous_9)
FN:100,(anonymous_10)
FNF:11
FNH:9
FNDA:9,(anonymous_0)
FNDA:1,(anonymous_1)
FNDA:3,(anonymous_2)
FNDA:0,(anonymous_3)
FNDA:5,(anonymous_4)
FNDA:81,(anonymous_5)
FNDA:0,(anonymous_6)
FNDA:21,(anonymous_7)
FNDA:1,(anonymous_8)
FNDA:5,(anonymous_9)
FNDA:3,(anonymous_10)
DA:25,9
DA:29,1
DA:30,1
DA:31,1
DA:33,1
DA:34,3
DA:35,3
DA:36,0
DA:38,3
DA:40,1
DA:41,1
DA:42,1
DA:46,5
DA:47,5
DA:49,5
DA:50,5
DA:51,3
DA:53,81
DA:54,3
DA:55,2
DA:60,3
DA:61,1
DA:64,2
DA:69,0
DA:70,0
DA:71,0
DA:72,0
DA:73,0
DA:77,21
DA:78,21
DA:79,21
DA:84,1
DA:93,5
DA:101,3
LF:34
LH:28
BRDA:35,0,0,0
BRDA:35,0,1,3
BRDA:35,1,0,3
BRDA:35,1,1,0
BRDA:50,2,0,3
BRDA:50,2,1,2
BRDA:50,3,0,5
BRDA:50,3,1,4
BRDA:54,4,0,2
BRDA:54,4,1,1
BRDA:60,5,0,1
BRDA:60,5,1,2
BRDA:99,6,0,1
BRDA:99,6,1,20
BRF:14
BRH:12
end_of_record
TN:
SF:/home/vinicius/repos/my-reads/src/components/UserBooks/UserBooks.js
FN:10,(anonymous_0)
FN:22,(anonymous_1)
FN:22,(anonymous_2)
FNF:3
FNH:3
FNDA:7,(anonymous_0)
FNDA:21,(anonymous_1)
FNDA:36,(anonymous_2)
DA:8,2
DA:10,2
DA:11,7
DA:12,7
DA:13,7
DA:14,7
DA:16,7
DA:18,7
DA:22,36
DA:25,7
DA:44,2
LF:11
LH:11
BRDA:16,0,0,7
BRDA:16,0,1,0
BRDA:16,1,0,7
BRDA:16,1,1,7
BRF:4
BRH:3
end_of_record
TN:
SF:/home/vinicius/repos/my-reads/src/hoc/Aux/Aux.js
FN:4,(anonymous_0)
FNF:1
FNH:1
FNDA:1,(anonymous_0)
DA:4,1
LF:1
LH:1
BRF:0
BRH:0
end_of_record
TN:
SF:/home/vinicius/repos/my-reads/src/hoc/Container/Container.js
FN:3,(anonymous_0)
FNF:1
FNH:1
FNDA:5,(anonymous_0)
DA:3,2
DA:4,5
DA:5,5
LF:3
LH:3
BRDA:6,0,0,0
BRDA:6,0,1,5
BRF:2
BRH:1
end_of_record
TN:
SF:/home/vinicius/repos/my-reads/src/hoc/Layout/Layout.js
FN:3,(anonymous_0)
FNF:1
FNH:1
FNDA:5,(anonymous_0)
DA:3,2
DA:4,5
LF:2
LH:2
BRF:0
BRH:0
end_of_record
TN:
SF:/home/vinicius/repos/my-reads/src/tests/testResource/allbooks.js
FNF:0
FNH:0
DA:1,1
LF:1
LH:1
BRF:0
BRH:0
end_of_record
